{"D:\\DevOps\\s1\\coverage\\project\\backend\\app.js": {"path":"D:\\DevOps\\s1\\coverage\\project\\backend\\app.js","statementMap":{"0":{"start":{"line":1,"column":12},"end":{"line":1,"column":26}},"1":{"start":{"line":2,"column":15},"end":{"line":2,"column":37}},"2":{"start":{"line":3,"column":19},"end":{"line":3,"column":54}},"3":{"start":{"line":4,"column":13},"end":{"line":4,"column":42}},"4":{"start":{"line":5,"column":13},"end":{"line":5,"column":42}},"5":{"start":{"line":6,"column":20},"end":{"line":6,"column":45}},"6":{"start":{"line":7,"column":19},"end":{"line":7,"column":43}},"7":{"start":{"line":8,"column":21},"end":{"line":8,"column":47}},"8":{"start":{"line":10,"column":12},"end":{"line":10,"column":21}},"9":{"start":{"line":11,"column":15},"end":{"line":11,"column":27}},"10":{"start":{"line":13,"column":0},"end":{"line":13,"column":20}},"11":{"start":{"line":14,"column":0},"end":{"line":14,"column":14}},"12":{"start":{"line":17,"column":0},"end":{"line":17,"column":74}},"13":{"start":{"line":18,"column":0},"end":{"line":18,"column":77}},"14":{"start":{"line":21,"column":0},"end":{"line":21,"column":83}},"15":{"start":{"line":23,"column":0},"end":{"line":23,"column":54}},"16":{"start":{"line":25,"column":0},"end":{"line":25,"column":21}}},"fnMap":{},"branchMap":{},"s":{"0":1,"1":1,"2":1,"3":1,"4":1,"5":1,"6":1,"7":1,"8":1,"9":1,"10":1,"11":1,"12":1,"13":1,"14":1,"15":1,"16":1},"f":{},"b":{},"_coverageSchema":"1a1c01bbd47fc00a2c39e90264f33305004495a9","hash":"583fa2b8771045329bff148ae32abd0f4d32b3fb"}
,"D:\\DevOps\\s1\\coverage\\project\\backend\\controllers\\authController.js": {"path":"D:\\DevOps\\s1\\coverage\\project\\backend\\controllers\\authController.js","statementMap":{"0":{"start":{"line":1,"column":21},"end":{"line":1,"column":50}},"1":{"start":{"line":4,"column":4},"end":{"line":32,"column":5}},"2":{"start":{"line":5,"column":36},"end":{"line":5,"column":52}},"3":{"start":{"line":7,"column":8},"end":{"line":11,"column":9}},"4":{"start":{"line":8,"column":12},"end":{"line":8,"column":29}},"5":{"start":{"line":9,"column":12},"end":{"line":9,"column":68}},"6":{"start":{"line":10,"column":12},"end":{"line":10,"column":19}},"7":{"start":{"line":13,"column":32},"end":{"line":16,"column":10}},"8":{"start":{"line":18,"column":8},"end":{"line":22,"column":9}},"9":{"start":{"line":19,"column":12},"end":{"line":19,"column":29}},"10":{"start":{"line":20,"column":12},"end":{"line":20,"column":48}},"11":{"start":{"line":21,"column":12},"end":{"line":21,"column":19}},"12":{"start":{"line":24,"column":8},"end":{"line":24,"column":25}},"13":{"start":{"line":25,"column":8},"end":{"line":28,"column":10}},"14":{"start":{"line":30,"column":8},"end":{"line":30,"column":25}},"15":{"start":{"line":31,"column":8},"end":{"line":31,"column":42}},"16":{"start":{"line":36,"column":4},"end":{"line":58,"column":5}},"17":{"start":{"line":37,"column":22},"end":{"line":37,"column":62}},"18":{"start":{"line":39,"column":8},"end":{"line":43,"column":9}},"19":{"start":{"line":40,"column":12},"end":{"line":40,"column":29}},"20":{"start":{"line":41,"column":12},"end":{"line":41,"column":54}},"21":{"start":{"line":42,"column":12},"end":{"line":42,"column":19}},"22":{"start":{"line":45,"column":26},"end":{"line":45,"column":55}},"23":{"start":{"line":47,"column":8},"end":{"line":51,"column":9}},"24":{"start":{"line":48,"column":12},"end":{"line":48,"column":29}},"25":{"start":{"line":49,"column":12},"end":{"line":49,"column":48}},"26":{"start":{"line":50,"column":12},"end":{"line":50,"column":19}},"27":{"start":{"line":53,"column":8},"end":{"line":53,"column":25}},"28":{"start":{"line":54,"column":8},"end":{"line":54,"column":58}},"29":{"start":{"line":56,"column":8},"end":{"line":56,"column":25}},"30":{"start":{"line":57,"column":8},"end":{"line":57,"column":42}},"31":{"start":{"line":61,"column":0},"end":{"line":61,"column":35}}},"fnMap":{"0":{"name":"login","decl":{"start":{"line":3,"column":15},"end":{"line":3,"column":20}},"loc":{"start":{"line":3,"column":26},"end":{"line":33,"column":1}},"line":3},"1":{"name":"logout","decl":{"start":{"line":35,"column":15},"end":{"line":35,"column":21}},"loc":{"start":{"line":35,"column":27},"end":{"line":59,"column":1}},"line":35}},"branchMap":{"0":{"loc":{"start":{"line":7,"column":8},"end":{"line":11,"column":9}},"type":"if","locations":[{"start":{"line":7,"column":8},"end":{"line":11,"column":9}},{"start":{},"end":{}}],"line":7},"1":{"loc":{"start":{"line":7,"column":12},"end":{"line":7,"column":31}},"type":"binary-expr","locations":[{"start":{"line":7,"column":12},"end":{"line":7,"column":18}},{"start":{"line":7,"column":22},"end":{"line":7,"column":31}}],"line":7},"2":{"loc":{"start":{"line":18,"column":8},"end":{"line":22,"column":9}},"type":"if","locations":[{"start":{"line":18,"column":8},"end":{"line":22,"column":9}},{"start":{},"end":{}}],"line":18},"3":{"loc":{"start":{"line":39,"column":8},"end":{"line":43,"column":9}},"type":"if","locations":[{"start":{"line":39,"column":8},"end":{"line":43,"column":9}},{"start":{},"end":{}}],"line":39},"4":{"loc":{"start":{"line":47,"column":8},"end":{"line":51,"column":9}},"type":"if","locations":[{"start":{"line":47,"column":8},"end":{"line":51,"column":9}},{"start":{},"end":{}}],"line":47}},"s":{"0":2,"1":6,"2":6,"3":6,"4":2,"5":2,"6":2,"7":4,"8":4,"9":2,"10":2,"11":2,"12":2,"13":2,"14":0,"15":0,"16":4,"17":4,"18":4,"19":1,"20":1,"21":1,"22":3,"23":3,"24":1,"25":1,"26":1,"27":2,"28":2,"29":0,"30":0,"31":2},"f":{"0":6,"1":4},"b":{"0":[2,4],"1":[6,6],"2":[2,2],"3":[1,3],"4":[1,2]},"_coverageSchema":"1a1c01bbd47fc00a2c39e90264f33305004495a9","hash":"c06aa126ee3c7216327ea60da3bd429602e98bdc"}
,"D:\\DevOps\\s1\\coverage\\project\\backend\\controllers\\healthController.js": {"path":"D:\\DevOps\\s1\\coverage\\project\\backend\\controllers\\healthController.js","statementMap":{"0":{"start":{"line":3,"column":4},"end":{"line":3,"column":21}},"1":{"start":{"line":4,"column":4},"end":{"line":4,"column":20}},"2":{"start":{"line":7,"column":0},"end":{"line":7,"column":33}}},"fnMap":{"0":{"name":"healthCheck","decl":{"start":{"line":2,"column":15},"end":{"line":2,"column":26}},"loc":{"start":{"line":2,"column":32},"end":{"line":5,"column":1}},"line":2}},"branchMap":{},"s":{"0":1,"1":1,"2":2},"f":{"0":1},"b":{},"_coverageSchema":"1a1c01bbd47fc00a2c39e90264f33305004495a9","hash":"c17388f714ea90de4e106a2381f3c137b8294d7a"}
,"D:\\DevOps\\s1\\coverage\\project\\backend\\controllers\\todosController.js": {"path":"D:\\DevOps\\s1\\coverage\\project\\backend\\controllers\\todosController.js","statementMap":{"0":{"start":{"line":1,"column":21},"end":{"line":1,"column":50}},"1":{"start":{"line":4,"column":4},"end":{"line":23,"column":5}},"2":{"start":{"line":5,"column":23},"end":{"line":5,"column":40}},"3":{"start":{"line":6,"column":32},"end":{"line":10,"column":22}},"4":{"start":{"line":12,"column":8},"end":{"line":16,"column":9}},"5":{"start":{"line":13,"column":12},"end":{"line":13,"column":29}},"6":{"start":{"line":14,"column":12},"end":{"line":14,"column":48}},"7":{"start":{"line":15,"column":12},"end":{"line":15,"column":19}},"8":{"start":{"line":18,"column":8},"end":{"line":18,"column":25}},"9":{"start":{"line":19,"column":8},"end":{"line":19,"column":24}},"10":{"start":{"line":21,"column":8},"end":{"line":21,"column":25}},"11":{"start":{"line":22,"column":8},"end":{"line":22,"column":42}},"12":{"start":{"line":27,"column":4},"end":{"line":52,"column":5}},"13":{"start":{"line":28,"column":23},"end":{"line":28,"column":40}},"14":{"start":{"line":29,"column":21},"end":{"line":29,"column":37}},"15":{"start":{"line":30,"column":32},"end":{"line":39,"column":21}},"16":{"start":{"line":41,"column":8},"end":{"line":45,"column":9}},"17":{"start":{"line":42,"column":12},"end":{"line":42,"column":29}},"18":{"start":{"line":43,"column":12},"end":{"line":43,"column":48}},"19":{"start":{"line":44,"column":12},"end":{"line":44,"column":19}},"20":{"start":{"line":47,"column":8},"end":{"line":47,"column":25}},"21":{"start":{"line":48,"column":8},"end":{"line":48,"column":27}},"22":{"start":{"line":50,"column":8},"end":{"line":50,"column":25}},"23":{"start":{"line":51,"column":8},"end":{"line":51,"column":42}},"24":{"start":{"line":56,"column":4},"end":{"line":85,"column":5}},"25":{"start":{"line":57,"column":23},"end":{"line":57,"column":40}},"26":{"start":{"line":58,"column":23},"end":{"line":58,"column":36}},"27":{"start":{"line":59,"column":24},"end":{"line":59,"column":40}},"28":{"start":{"line":61,"column":32},"end":{"line":66,"column":21}},"29":{"start":{"line":68,"column":8},"end":{"line":72,"column":9}},"30":{"start":{"line":69,"column":12},"end":{"line":69,"column":29}},"31":{"start":{"line":70,"column":12},"end":{"line":70,"column":48}},"32":{"start":{"line":71,"column":12},"end":{"line":71,"column":19}},"33":{"start":{"line":74,"column":8},"end":{"line":78,"column":9}},"34":{"start":{"line":75,"column":12},"end":{"line":75,"column":29}},"35":{"start":{"line":76,"column":12},"end":{"line":76,"column":67}},"36":{"start":{"line":77,"column":12},"end":{"line":77,"column":19}},"37":{"start":{"line":80,"column":8},"end":{"line":80,"column":25}},"38":{"start":{"line":81,"column":8},"end":{"line":81,"column":27}},"39":{"start":{"line":83,"column":8},"end":{"line":83,"column":25}},"40":{"start":{"line":84,"column":8},"end":{"line":84,"column":42}},"41":{"start":{"line":89,"column":4},"end":{"line":109,"column":5}},"42":{"start":{"line":90,"column":23},"end":{"line":90,"column":40}},"43":{"start":{"line":91,"column":23},"end":{"line":91,"column":36}},"44":{"start":{"line":93,"column":26},"end":{"line":97,"column":34}},"45":{"start":{"line":99,"column":8},"end":{"line":103,"column":9}},"46":{"start":{"line":100,"column":12},"end":{"line":100,"column":29}},"47":{"start":{"line":101,"column":12},"end":{"line":101,"column":48}},"48":{"start":{"line":102,"column":12},"end":{"line":102,"column":19}},"49":{"start":{"line":105,"column":8},"end":{"line":105,"column":25}},"50":{"start":{"line":107,"column":8},"end":{"line":107,"column":25}},"51":{"start":{"line":108,"column":8},"end":{"line":108,"column":42}},"52":{"start":{"line":112,"column":0},"end":{"line":112,"column":66}}},"fnMap":{"0":{"name":"getTodos","decl":{"start":{"line":3,"column":15},"end":{"line":3,"column":23}},"loc":{"start":{"line":3,"column":29},"end":{"line":24,"column":1}},"line":3},"1":{"name":"createTodo","decl":{"start":{"line":26,"column":15},"end":{"line":26,"column":25}},"loc":{"start":{"line":26,"column":31},"end":{"line":53,"column":1}},"line":26},"2":{"name":"updateTodo","decl":{"start":{"line":55,"column":15},"end":{"line":55,"column":25}},"loc":{"start":{"line":55,"column":31},"end":{"line":86,"column":1}},"line":55},"3":{"name":"deleteTodo","decl":{"start":{"line":88,"column":15},"end":{"line":88,"column":25}},"loc":{"start":{"line":88,"column":31},"end":{"line":110,"column":1}},"line":88}},"branchMap":{"0":{"loc":{"start":{"line":12,"column":8},"end":{"line":16,"column":9}},"type":"if","locations":[{"start":{"line":12,"column":8},"end":{"line":16,"column":9}},{"start":{},"end":{}}],"line":12},"1":{"loc":{"start":{"line":35,"column":26},"end":{"line":35,"column":44}},"type":"binary-expr","locations":[{"start":{"line":35,"column":26},"end":{"line":35,"column":35}},{"start":{"line":35,"column":39},"end":{"line":35,"column":44}}],"line":35},"2":{"loc":{"start":{"line":41,"column":8},"end":{"line":45,"column":9}},"type":"if","locations":[{"start":{"line":41,"column":8},"end":{"line":45,"column":9}},{"start":{},"end":{}}],"line":41},"3":{"loc":{"start":{"line":68,"column":8},"end":{"line":72,"column":9}},"type":"if","locations":[{"start":{"line":68,"column":8},"end":{"line":72,"column":9}},{"start":{},"end":{}}],"line":68},"4":{"loc":{"start":{"line":74,"column":8},"end":{"line":78,"column":9}},"type":"if","locations":[{"start":{"line":74,"column":8},"end":{"line":78,"column":9}},{"start":{},"end":{}}],"line":74},"5":{"loc":{"start":{"line":74,"column":12},"end":{"line":74,"column":38}},"type":"binary-expr","locations":[{"start":{"line":74,"column":12},"end":{"line":74,"column":17}},{"start":{"line":74,"column":21},"end":{"line":74,"column":38}}],"line":74},"6":{"loc":{"start":{"line":99,"column":8},"end":{"line":103,"column":9}},"type":"if","locations":[{"start":{"line":99,"column":8},"end":{"line":103,"column":9}},{"start":{},"end":{}}],"line":99}},"s":{"0":2,"1":3,"2":3,"3":3,"4":3,"5":1,"6":1,"7":1,"8":2,"9":2,"10":0,"11":0,"12":3,"13":3,"14":3,"15":3,"16":3,"17":1,"18":1,"19":1,"20":2,"21":2,"22":0,"23":0,"24":5,"25":5,"26":5,"27":5,"28":5,"29":5,"30":1,"31":1,"32":1,"33":4,"34":2,"35":2,"36":2,"37":2,"38":2,"39":0,"40":0,"41":3,"42":3,"43":3,"44":3,"45":3,"46":1,"47":1,"48":1,"49":2,"50":0,"51":0,"52":2},"f":{"0":3,"1":3,"2":5,"3":3},"b":{"0":[1,2],"1":[3,3],"2":[1,2],"3":[1,4],"4":[2,2],"5":[4,4],"6":[1,2]},"_coverageSchema":"1a1c01bbd47fc00a2c39e90264f33305004495a9","hash":"7d3d210e29d031b927eca838d820bbb8c7a5c773"}
,"D:\\DevOps\\s1\\coverage\\project\\backend\\middlewares\\auth.js": {"path":"D:\\DevOps\\s1\\coverage\\project\\backend\\middlewares\\auth.js","statementMap":{"0":{"start":{"line":1,"column":21},"end":{"line":1,"column":50}},"1":{"start":{"line":4,"column":18},"end":{"line":4,"column":58}},"2":{"start":{"line":6,"column":4},"end":{"line":10,"column":5}},"3":{"start":{"line":7,"column":8},"end":{"line":7,"column":25}},"4":{"start":{"line":8,"column":8},"end":{"line":8,"column":50}},"5":{"start":{"line":9,"column":8},"end":{"line":9,"column":15}},"6":{"start":{"line":12,"column":4},"end":{"line":26,"column":5}},"7":{"start":{"line":13,"column":42},"end":{"line":13,"column":76}},"8":{"start":{"line":15,"column":8},"end":{"line":19,"column":9}},"9":{"start":{"line":16,"column":12},"end":{"line":16,"column":29}},"10":{"start":{"line":17,"column":12},"end":{"line":17,"column":50}},"11":{"start":{"line":18,"column":12},"end":{"line":18,"column":19}},"12":{"start":{"line":21,"column":8},"end":{"line":21,"column":30}},"13":{"start":{"line":22,"column":8},"end":{"line":22,"column":21}},"14":{"start":{"line":24,"column":8},"end":{"line":24,"column":25}},"15":{"start":{"line":25,"column":8},"end":{"line":25,"column":54}},"16":{"start":{"line":29,"column":0},"end":{"line":29,"column":22}}},"fnMap":{"0":{"name":"auth","decl":{"start":{"line":3,"column":15},"end":{"line":3,"column":19}},"loc":{"start":{"line":3,"column":31},"end":{"line":27,"column":1}},"line":3}},"branchMap":{"0":{"loc":{"start":{"line":6,"column":4},"end":{"line":10,"column":5}},"type":"if","locations":[{"start":{"line":6,"column":4},"end":{"line":10,"column":5}},{"start":{},"end":{}}],"line":6},"1":{"loc":{"start":{"line":15,"column":8},"end":{"line":19,"column":9}},"type":"if","locations":[{"start":{"line":15,"column":8},"end":{"line":19,"column":9}},{"start":{},"end":{}}],"line":15},"2":{"loc":{"start":{"line":15,"column":12},"end":{"line":15,"column":26}},"type":"binary-expr","locations":[{"start":{"line":15,"column":12},"end":{"line":15,"column":17}},{"start":{"line":15,"column":21},"end":{"line":15,"column":26}}],"line":15}},"s":{"0":2,"1":14,"2":14,"3":4,"4":4,"5":4,"6":10,"7":10,"8":9,"9":2,"10":2,"11":2,"12":7,"13":7,"14":1,"15":1,"16":2},"f":{"0":14},"b":{"0":[4,10],"1":[2,7],"2":[9,8]},"_coverageSchema":"1a1c01bbd47fc00a2c39e90264f33305004495a9","hash":"2803f71c85642971f368b7e8ac45b1c1b85cbda1"}
,"D:\\DevOps\\s1\\coverage\\project\\backend\\middlewares\\bodyParser.js": {"path":"D:\\DevOps\\s1\\coverage\\project\\backend\\middlewares\\bodyParser.js","statementMap":{"0":{"start":{"line":1,"column":19},"end":{"line":1,"column":44}},"1":{"start":{"line":3,"column":0},"end":{"line":3,"column":30}}},"fnMap":{},"branchMap":{},"s":{"0":1,"1":1},"f":{},"b":{},"_coverageSchema":"1a1c01bbd47fc00a2c39e90264f33305004495a9","hash":"72b52da7126ef57bf4a5b23151a106412ab503a9"}
,"D:\\DevOps\\s1\\coverage\\project\\backend\\middlewares\\cors.js": {"path":"D:\\DevOps\\s1\\coverage\\project\\backend\\middlewares\\cors.js","statementMap":{"0":{"start":{"line":1,"column":13},"end":{"line":1,"column":33}},"1":{"start":{"line":3,"column":0},"end":{"line":8,"column":3}}},"fnMap":{},"branchMap":{},"s":{"0":1,"1":1},"f":{},"b":{},"_coverageSchema":"1a1c01bbd47fc00a2c39e90264f33305004495a9","hash":"76fb60821d2a4d7f3e39d66601c1e72bf35c7b43"}
,"D:\\DevOps\\s1\\coverage\\project\\backend\\routes\\auth.js": {"path":"D:\\DevOps\\s1\\coverage\\project\\backend\\routes\\auth.js","statementMap":{"0":{"start":{"line":1,"column":15},"end":{"line":1,"column":37}},"1":{"start":{"line":2,"column":26},"end":{"line":2,"column":66}},"2":{"start":{"line":3,"column":13},"end":{"line":3,"column":43}},"3":{"start":{"line":5,"column":15},"end":{"line":5,"column":27}},"4":{"start":{"line":7,"column":0},"end":{"line":7,"column":29}},"5":{"start":{"line":8,"column":0},"end":{"line":8,"column":37}},"6":{"start":{"line":10,"column":0},"end":{"line":10,"column":24}}},"fnMap":{},"branchMap":{},"s":{"0":1,"1":1,"2":1,"3":1,"4":1,"5":1,"6":1},"f":{},"b":{},"_coverageSchema":"1a1c01bbd47fc00a2c39e90264f33305004495a9","hash":"5a4e4102a99ef128ebec65148707345dec9d28b8"}
,"D:\\DevOps\\s1\\coverage\\project\\backend\\routes\\health.js": {"path":"D:\\DevOps\\s1\\coverage\\project\\backend\\routes\\health.js","statementMap":{"0":{"start":{"line":1,"column":15},"end":{"line":1,"column":37}},"1":{"start":{"line":2,"column":24},"end":{"line":2,"column":66}},"2":{"start":{"line":4,"column":15},"end":{"line":4,"column":27}},"3":{"start":{"line":6,"column":0},"end":{"line":6,"column":29}},"4":{"start":{"line":8,"column":0},"end":{"line":8,"column":24}}},"fnMap":{},"branchMap":{},"s":{"0":1,"1":1,"2":1,"3":1,"4":1},"f":{},"b":{},"_coverageSchema":"1a1c01bbd47fc00a2c39e90264f33305004495a9","hash":"43142ce817678cb01d656b6492093a13f203a459"}
,"D:\\DevOps\\s1\\coverage\\project\\backend\\routes\\todos.js": {"path":"D:\\DevOps\\s1\\coverage\\project\\backend\\routes\\todos.js","statementMap":{"0":{"start":{"line":1,"column":15},"end":{"line":1,"column":37}},"1":{"start":{"line":2,"column":57},"end":{"line":2,"column":98}},"2":{"start":{"line":4,"column":15},"end":{"line":4,"column":27}},"3":{"start":{"line":6,"column":0},"end":{"line":6,"column":26}},"4":{"start":{"line":7,"column":0},"end":{"line":7,"column":29}},"5":{"start":{"line":8,"column":0},"end":{"line":8,"column":31}},"6":{"start":{"line":9,"column":0},"end":{"line":9,"column":34}},"7":{"start":{"line":11,"column":0},"end":{"line":11,"column":24}}},"fnMap":{},"branchMap":{},"s":{"0":1,"1":1,"2":1,"3":1,"4":1,"5":1,"6":1,"7":1},"f":{},"b":{},"_coverageSchema":"1a1c01bbd47fc00a2c39e90264f33305004495a9","hash":"d2df647f92087ed01848266fb808d2d406c8b35d"}
}
