TN:
SF:app.js
FNF:0
FNH:0
DA:1,1
DA:2,1
DA:3,1
DA:4,1
DA:5,1
DA:6,1
DA:7,1
DA:8,1
DA:10,1
DA:11,1
DA:13,1
DA:14,1
DA:17,1
DA:18,1
DA:21,1
DA:23,1
DA:25,1
LF:17
LH:17
BRF:0
BRH:0
end_of_record
TN:
SF:controllers\authController.js
FN:3,login
FN:35,logout
FNF:2
FNH:2
FNDA:6,login
FNDA:4,logout
DA:1,2
DA:4,6
DA:5,6
DA:7,6
DA:8,2
DA:9,2
DA:10,2
DA:13,4
DA:18,4
DA:19,2
DA:20,2
DA:21,2
DA:24,2
DA:25,2
DA:30,0
DA:31,0
DA:36,4
DA:37,4
DA:39,4
DA:40,1
DA:41,1
DA:42,1
DA:45,3
DA:47,3
DA:48,1
DA:49,1
DA:50,1
DA:53,2
DA:54,2
DA:56,0
DA:57,0
DA:61,2
LF:32
LH:28
BRDA:7,0,0,2
BRDA:7,0,1,4
BRDA:7,1,0,6
BRDA:7,1,1,6
BRDA:18,2,0,2
BRDA:18,2,1,2
BRDA:39,3,0,1
BRDA:39,3,1,3
BRDA:47,4,0,1
BRDA:47,4,1,2
BRF:10
BRH:10
end_of_record
TN:
SF:controllers\healthController.js
FN:2,healthCheck
FNF:1
FNH:1
FNDA:1,healthCheck
DA:3,1
DA:4,1
DA:7,2
LF:3
LH:3
BRF:0
BRH:0
end_of_record
TN:
SF:controllers\todosController.js
FN:3,getTodos
FN:26,createTodo
FN:55,updateTodo
FN:88,deleteTodo
FNF:4
FNH:4
FNDA:3,getTodos
FNDA:3,createTodo
FNDA:5,updateTodo
FNDA:3,deleteTodo
DA:1,2
DA:4,3
DA:5,3
DA:6,3
DA:12,3
DA:13,1
DA:14,1
DA:15,1
DA:18,2
DA:19,2
DA:21,0
DA:22,0
DA:27,3
DA:28,3
DA:29,3
DA:30,3
DA:41,3
DA:42,1
DA:43,1
DA:44,1
DA:47,2
DA:48,2
DA:50,0
DA:51,0
DA:56,5
DA:57,5
DA:58,5
DA:59,5
DA:61,5
DA:68,5
DA:69,1
DA:70,1
DA:71,1
DA:74,4
DA:75,2
DA:76,2
DA:77,2
DA:80,2
DA:81,2
DA:83,0
DA:84,0
DA:89,3
DA:90,3
DA:91,3
DA:93,3
DA:99,3
DA:100,1
DA:101,1
DA:102,1
DA:105,2
DA:107,0
DA:108,0
DA:112,2
LF:53
LH:45
BRDA:12,0,0,1
BRDA:12,0,1,2
BRDA:35,1,0,3
BRDA:35,1,1,3
BRDA:41,2,0,1
BRDA:41,2,1,2
BRDA:68,3,0,1
BRDA:68,3,1,4
BRDA:74,4,0,2
BRDA:74,4,1,2
BRDA:74,5,0,4
BRDA:74,5,1,4
BRDA:99,6,0,1
BRDA:99,6,1,2
BRF:14
BRH:14
end_of_record
TN:
SF:middlewares\auth.js
FN:3,auth
FNF:1
FNH:1
FNDA:14,auth
DA:1,2
DA:4,14
DA:6,14
DA:7,4
DA:8,4
DA:9,4
DA:12,10
DA:13,10
DA:15,9
DA:16,2
DA:17,2
DA:18,2
DA:21,7
DA:22,7
DA:24,1
DA:25,1
DA:29,2
LF:17
LH:17
BRDA:6,0,0,4
BRDA:6,0,1,10
BRDA:15,1,0,2
BRDA:15,1,1,7
BRDA:15,2,0,9
BRDA:15,2,1,8
BRF:6
BRH:6
end_of_record
TN:
SF:middlewares\bodyParser.js
FNF:0
FNH:0
DA:1,1
DA:3,1
LF:2
LH:2
BRF:0
BRH:0
end_of_record
TN:
SF:middlewares\cors.js
FNF:0
FNH:0
DA:1,1
DA:3,1
LF:2
LH:2
BRF:0
BRH:0
end_of_record
TN:
SF:routes\auth.js
FNF:0
FNH:0
DA:1,1
DA:2,1
DA:3,1
DA:5,1
DA:7,1
DA:8,1
DA:10,1
LF:7
LH:7
BRF:0
BRH:0
end_of_record
TN:
SF:routes\health.js
FNF:0
FNH:0
DA:1,1
DA:2,1
DA:4,1
DA:6,1
DA:8,1
LF:5
LH:5
BRF:0
BRH:0
end_of_record
TN:
SF:routes\todos.js
FNF:0
FNH:0
DA:1,1
DA:2,1
DA:4,1
DA:6,1
DA:7,1
DA:8,1
DA:9,1
DA:11,1
LF:8
LH:8
BRF:0
BRH:0
end_of_record
