TN:
SF:app.js
FNF:0
FNH:0
DA:1,1
DA:2,1
DA:3,1
DA:4,1
DA:5,1
DA:6,1
DA:8,1
DA:9,1
DA:11,1
DA:12,1
DA:14,1
DA:15,1
DA:17,1
DA:19,1
LF:14
LH:14
BRF:0
BRH:0
end_of_record
TN:
SF:controllers\healthController.js
FN:2,healthCheck
FNF:1
FNH:0
FNDA:0,healthCheck
DA:3,0
DA:4,0
DA:7,1
LF:3
LH:1
BRF:0
BRH:0
end_of_record
TN:
SF:controllers\todosController.js
FN:3,getTodos
FN:26,createTodo
FN:52,updateTodo
FN:78,deleteTodo
FNF:4
FNH:4
FNDA:5,getTodos
FNDA:2,createTodo
FNDA:2,updateTodo
FNDA:2,deleteTodo
DA:1,2
DA:4,5
DA:5,5
DA:11,5
DA:12,5
DA:13,2
DA:14,2
DA:15,2
DA:18,3
DA:19,3
DA:21,0
DA:22,0
DA:27,2
DA:28,2
DA:29,2
DA:37,2
DA:38,1
DA:39,1
DA:40,1
DA:43,1
DA:44,1
DA:47,0
DA:48,0
DA:53,2
DA:54,2
DA:55,2
DA:56,2
DA:63,2
DA:64,1
DA:65,1
DA:66,1
DA:69,1
DA:70,1
DA:73,0
DA:74,0
DA:82,2
LF:36
LH:30
BRDA:12,0,0,2
BRDA:12,0,1,3
BRDA:32,1,0,2
BRDA:32,1,1,2
BRDA:37,2,0,1
BRDA:37,2,1,1
BRDA:63,3,0,1
BRDA:63,3,1,1
BRF:8
BRH:8
end_of_record
TN:
SF:middlewares\bodyParser.js
FNF:0
FNH:0
DA:1,1
DA:3,1
LF:2
LH:2
BRF:0
BRH:0
end_of_record
TN:
SF:middlewares\cors.js
FNF:0
FNH:0
DA:1,1
DA:3,1
LF:2
LH:2
BRF:0
BRH:0
end_of_record
TN:
SF:routes\health.js
FNF:0
FNH:0
DA:1,1
DA:2,1
DA:4,1
DA:6,1
DA:8,1
LF:5
LH:5
BRF:0
BRH:0
end_of_record
TN:
SF:routes\todos.js
FNF:0
FNH:0
DA:1,1
DA:2,1
DA:4,1
DA:6,1
DA:7,1
DA:8,1
DA:9,1
DA:11,1
LF:8
LH:8
BRF:0
BRH:0
end_of_record
